<?xml version="1.0" encoding="UTF-8"?>
<Site BuildName="(empty)"
	BuildStamp="20250622-1519-Experimental"
	Name="(empty)"
	Generator="ctest-4.0.3-dirty"
	CompilerName=""
	CompilerVersion=""
	OSName="Linux"
	Hostname="archlinux"
	OSRelease="6.14.11-hardened1-1-hardened"
	OSVersion="#1 SMP PREEMPT_DYNAMIC Thu, 19 Jun 2025 21:59:45 +0000"
	OSPlatform="x86_64"
	Is64Bits="1"
	VendorString="GenuineIntel"
	VendorID="Intel Corporation"
	FamilyID="6"
	ModelID="151"
	ModelName="12th Gen Intel(R) Core(TM) i5-12400F"
	ProcessorCacheSize="18432"
	NumberOfLogicalCPU="12"
	NumberOfPhysicalCPU="6"
	TotalVirtualMemory="4095"
	TotalPhysicalMemory="15822"
	LogicalProcessorsPerPhysical="2"
	ProcessorClockFrequency="4000.04"
	>
	<Testing>
		<StartDateTime>Jun 22 18:19 MSK</StartDateTime>
		<StartTestTime>1750605584</StartTestTime>
		<TestList/>
		<EndDateTime>Jun 22 18:19 MSK</EndDateTime>
		<EndTestTime>1750605584</EndTestTime>
		<ElapsedMinutes>0</ElapsedMinutes>
	</Testing>
</Site>
